# JRE version: Java(TM) SE Runtime Environment (7.0_60-b19) (build 1.7.0_60-b19)
# Java VM: Java HotSpot(TM) 64-Bit Server VM (24.60-b09 mixed mode linux-amd64 compressed oops)
Heap
 PSYoungGen      total 177152K, used 61942K [0x00000000e1600000, 0x00000000f0200000, 0x0000000100000000)
  eden space 115200K, 0% used [0x00000000e1600000,0x00000000e1600000,0x00000000e8680000)
  from space 61952K, 99% used [0x00000000e8680000,0x00000000ec2fdb98,0x00000000ec300000)
  to   space 51200K, 0% used [0x00000000ec300000,0x00000000ec300000,0x00000000ef500000)
 ParOldGen       total 219648K, used 139027K [0x00000000a4200000, 0x00000000b1880000, 0x00000000e1600000)
  object space 219648K, 63% used [0x00000000a4200000,0x00000000ac9c4df0,0x00000000b1880000)
 PSPermGen       total 21504K, used 5594K [0x000000009f000000, 0x00000000a0500000, 0x00000000a4200000)
  object space 21504K, 26% used [0x000000009f000000,0x000000009f576848,0x00000000a0500000)
GC Heap History (10 events):
Event: 1.665 GC heap after
Heap after GC invocations=4 (full 0):
 PSYoungGen      total 101888K, used 3580K [0x00000000e1600000, 0x00000000e7d00000, 0x0000000100000000)
  eden space 98304K, 0% used [0x00000000e1600000,0x00000000e1600000,0x00000000e7600000)
  from space 3584K, 99% used [0x00000000e7980000,0x00000000e7cff050,0x00000000e7d00000)
  to   space 3584K, 0% used [0x00000000e7600000,0x00000000e7600000,0x00000000e7980000)
 ParOldGen       total 62464K, used 46105K [0x00000000a4200000, 0x00000000a7f00000, 0x00000000e1600000)
  object space 62464K, 73% used [0x00000000a4200000,0x00000000a6f06550,0x00000000a7f00000)
 PSPermGen       total 21504K, used 4476K [0x000000009f000000, 0x00000000a0500000, 0x00000000a4200000)
  object space 21504K, 20% used [0x000000009f000000,0x000000009f45f1b8,0x00000000a0500000)
}
Event: 1.665 GC heap before
{Heap before GC invocations=5 (full 1):
 PSYoungGen      total 101888K, used 3580K [0x00000000e1600000, 0x00000000e7d00000, 0x0000000100000000)
  eden space 98304K, 0% used [0x00000000e1600000,0x00000000e1600000,0x00000000e7600000)
  from space 3584K, 99% used [0x00000000e7980000,0x00000000e7cff050,0x00000000e7d00000)
  to   space 3584K, 0% used [0x00000000e7600000,0x00000000e7600000,0x00000000e7980000)
 ParOldGen       total 62464K, used 46105K [0x00000000a4200000, 0x00000000a7f00000, 0x00000000e1600000)
  object space 62464K, 73% used [0x00000000a4200000,0x00000000a6f06550,0x00000000a7f00000)
 PSPermGen       total 21504K, used 4476K [0x000000009f000000, 0x00000000a0500000, 0x00000000a4200000)
  object space 21504K, 20% used [0x000000009f000000,0x000000009f45f1b8,0x00000000a0500000)
Event: 2.564 GC heap after
Heap after GC invocations=5 (full 1):
 PSYoungGen      total 101888K, used 0K [0x00000000e1600000, 0x00000000e7d00000, 0x0000000100000000)
  eden space 98304K, 0% used [0x00000000e1600000,0x00000000e1600000,0x00000000e7600000)
  from space 3584K, 0% used [0x00000000e7980000,0x00000000e7980000,0x00000000e7d00000)
  to   space 3584K, 0% used [0x00000000e7600000,0x00000000e7600000,0x00000000e7980000)
 ParOldGen       total 121344K, used 49372K [0x00000000a4200000, 0x00000000ab880000, 0x00000000e1600000)
  object space 121344K, 40% used [0x00000000a4200000,0x00000000a7237020,0x00000000ab880000)
 PSPermGen       total 21504K, used 4475K [0x000000009f000000, 0x00000000a0500000, 0x00000000a4200000)
  object space 21504K, 20% used [0x000000009f000000,0x000000009f45ec30,0x00000000a0500000)
}
Event: 2.788 GC heap before
{Heap before GC invocations=6 (full 1):
 PSYoungGen      total 101888K, used 98304K [0x00000000e1600000, 0x00000000e7d00000, 0x0000000100000000)
  eden space 98304K, 100% used [0x00000000e1600000,0x00000000e7600000,0x00000000e7600000)
  from space 3584K, 0% used [0x00000000e7980000,0x00000000e7980000,0x00000000e7d00000)
  to   space 3584K, 0% used [0x00000000e7600000,0x00000000e7600000,0x00000000e7980000)
 ParOldGen       total 121344K, used 49372K [0x00000000a4200000, 0x00000000ab880000, 0x00000000e1600000)
  object space 121344K, 40% used [0x00000000a4200000,0x00000000a7237020,0x00000000ab880000)
 PSPermGen       total 21504K, used 4475K [0x000000009f000000, 0x00000000a0500000, 0x00000000a4200000)
  object space 21504K, 20% used [0x000000009f000000,0x000000009f45ec30,0x00000000a0500000)
Event: 2.932 GC heap after
Heap after GC invocations=6 (full 1):
 PSYoungGen      total 101888K, used 3584K [0x00000000e1600000, 0x00000000ef500000, 0x0000000100000000)
  eden space 98304K, 0% used [0x00000000e1600000,0x00000000e1600000,0x00000000e7600000)
  from space 3584K, 100% used [0x00000000e7600000,0x00000000e7980000,0x00000000e7980000)
  to   space 51200K, 0% used [0x00000000ec300000,0x00000000ec300000,0x00000000ef500000)
 ParOldGen       total 121344K, used 93268K [0x00000000a4200000, 0x00000000ab880000, 0x00000000e1600000)
  object space 121344K, 76% used [0x00000000a4200000,0x00000000a9d15050,0x00000000ab880000)
 PSPermGen       total 21504K, used 4475K [0x000000009f000000, 0x00000000a0500000, 0x00000000a4200000)
  object space 21504K, 20% used [0x000000009f000000,0x000000009f45ec30,0x00000000a0500000)
}
Event: 2.932 GC heap before
{Heap before GC invocations=7 (full 2):
 PSYoungGen      total 101888K, used 3584K [0x00000000e1600000, 0x00000000ef500000, 0x0000000100000000)
  eden space 98304K, 0% used [0x00000000e1600000,0x00000000e1600000,0x00000000e7600000)
  from space 3584K, 100% used [0x00000000e7600000,0x00000000e7980000,0x00000000e7980000)
  to   space 51200K, 0% used [0x00000000ec300000,0x00000000ec300000,0x00000000ef500000)
 ParOldGen       total 121344K, used 93268K [0x00000000a4200000, 0x00000000ab880000, 0x00000000e1600000)
  object space 121344K, 76% used [0x00000000a4200000,0x00000000a9d15050,0x00000000ab880000)
 PSPermGen       total 21504K, used 4475K [0x000000009f000000, 0x00000000a0500000, 0x00000000a4200000)
  object space 21504K, 20% used [0x000000009f000000,0x000000009f45ec30,0x00000000a0500000)
Event: 3.588 GC heap after
Heap after GC invocations=7 (full 2):
 PSYoungGen      total 101888K, used 0K [0x00000000e1600000, 0x00000000ef500000, 0x0000000100000000)
  eden space 98304K, 0% used [0x00000000e1600000,0x00000000e1600000,0x00000000e7600000)
  from space 3584K, 0% used [0x00000000e7600000,0x00000000e7600000,0x00000000e7980000)
  to   space 51200K, 0% used [0x00000000ec300000,0x00000000ec300000,0x00000000ef500000)
 ParOldGen       total 219648K, used 95929K [0x00000000a4200000, 0x00000000b1880000, 0x00000000e1600000)
  object space 219648K, 43% used [0x00000000a4200000,0x00000000a9fae680,0x00000000b1880000)
 PSPermGen       total 21504K, used 4475K [0x000000009f000000, 0x00000000a0500000, 0x00000000a4200000)
  object space 21504K, 20% used [0x000000009f000000,0x000000009f45ec30,0x00000000a0500000)
}
Event: 4.202 GC heap before
{Heap before GC invocations=8 (full 2):
 PSYoungGen      total 101888K, used 98304K [0x00000000e1600000, 0x00000000ef500000, 0x0000000100000000)
  eden space 98304K, 100% used [0x00000000e1600000,0x00000000e7600000,0x00000000e7600000)
  from space 3584K, 0% used [0x00000000e7600000,0x00000000e7600000,0x00000000e7980000)
  to   space 51200K, 0% used [0x00000000ec300000,0x00000000ec300000,0x00000000ef500000)
 ParOldGen       total 219648K, used 95929K [0x00000000a4200000, 0x00000000b1880000, 0x00000000e1600000)
  object space 219648K, 43% used [0x00000000a4200000,0x00000000a9fae680,0x00000000b1880000)
 PSPermGen       total 21504K, used 4518K [0x000000009f000000, 0x00000000a0500000, 0x00000000a4200000)
  object space 21504K, 21% used [0x000000009f000000,0x000000009f469b90,0x00000000a0500000)
Event: 4.305 GC heap after
Heap after GC invocations=8 (full 2):
 PSYoungGen      total 166400K, used 48640K [0x00000000e1600000, 0x00000000f0200000, 0x0000000100000000)
  eden space 115200K, 0% used [0x00000000e1600000,0x00000000e1600000,0x00000000e8680000)
  from space 51200K, 95% used [0x00000000ec300000,0x00000000ef280090,0x00000000ef500000)
  to   space 61952K, 0% used [0x00000000e8680000,0x00000000e8680000,0x00000000ec300000)
 ParOldGen       total 219648K, used 95929K [0x00000000a4200000, 0x00000000b1880000, 0x00000000e1600000)
  object space 219648K, 43% used [0x00000000a4200000,0x00000000a9fae680,0x00000000b1880000)
 PSPermGen       total 21504K, used 4518K [0x000000009f000000, 0x00000000a0500000, 0x00000000a4200000)
  object space 21504K, 21% used [0x000000009f000000,0x000000009f469b90,0x00000000a0500000)
}
Event: 5.606 GC heap before
{Heap before GC invocations=9 (full 2):
 PSYoungGen      total 166400K, used 163840K [0x00000000e1600000, 0x00000000f0200000, 0x0000000100000000)
  eden space 115200K, 100% used [0x00000000e1600000,0x00000000e8680000,0x00000000e8680000)
  from space 51200K, 95% used [0x00000000ec300000,0x00000000ef280090,0x00000000ef500000)
  to   space 61952K, 0% used [0x00000000e8680000,0x00000000e8680000,0x00000000ec300000)
 ParOldGen       total 219648K, used 95929K [0x00000000a4200000, 0x00000000b1880000, 0x00000000e1600000)
  object space 219648K, 43% used [0x00000000a4200000,0x00000000a9fae680,0x00000000b1880000)
 PSPermGen       total 21504K, used 5594K [0x000000009f000000, 0x00000000a0500000, 0x00000000a4200000)
  object space 21504K, 26% used [0x000000009f000000,0x000000009f576848,0x00000000a0500000)

