# JRE version: Java(TM) SE Runtime Environment (7.0_60-b19) (build 1.7.0_60-b19)
# Java VM: Java HotSpot(TM) 64-Bit Server VM (24.60-b09 mixed mode linux-amd64 compressed oops)
Heap
 PSYoungGen      total 129536K, used 13285K [0x00000000e1600000, 0x00000000f1000000, 0x0000000100000000)
  eden space 79872K, 0% used [0x00000000e1600000,0x00000000e1600000,0x00000000e6400000)
  from space 49664K, 26% used [0x00000000ea400000,0x00000000eb0f9760,0x00000000ed480000)
  to   space 65536K, 0% used [0x00000000e6400000,0x00000000e6400000,0x00000000ea400000)
 ParOldGen       total 113152K, used 112667K [0x00000000a4200000, 0x00000000ab080000, 0x00000000e1600000)
  object space 113152K, 99% used [0x00000000a4200000,0x00000000ab006eb8,0x00000000ab080000)
 PSPermGen       total 21504K, used 4519K [0x000000009f000000, 0x00000000a0500000, 0x00000000a4200000)
  object space 21504K, 21% used [0x000000009f000000,0x000000009f469d00,0x00000000a0500000)
GC Heap History (10 events):
Event: 3.175 GC heap after
Heap after GC invocations=5 (full 0):
 PSYoungGen      total 52736K, used 3564K [0x00000000e1600000, 0x00000000eaa00000, 0x0000000100000000)
  eden space 49152K, 0% used [0x00000000e1600000,0x00000000e1600000,0x00000000e4600000)
  from space 3584K, 99% used [0x00000000e4600000,0x00000000e497b040,0x00000000e4980000)
  to   space 26624K, 0% used [0x00000000e9000000,0x00000000e9000000,0x00000000eaa00000)
 ParOldGen       total 62464K, used 46153K [0x00000000a4200000, 0x00000000a7f00000, 0x00000000e1600000)
  object space 62464K, 73% used [0x00000000a4200000,0x00000000a6f12550,0x00000000a7f00000)
 PSPermGen       total 21504K, used 4476K [0x000000009f000000, 0x00000000a0500000, 0x00000000a4200000)
  object space 21504K, 20% used [0x000000009f000000,0x000000009f45f198,0x00000000a0500000)
}
Event: 3.175 GC heap before
{Heap before GC invocations=6 (full 1):
 PSYoungGen      total 52736K, used 3564K [0x00000000e1600000, 0x00000000eaa00000, 0x0000000100000000)
  eden space 49152K, 0% used [0x00000000e1600000,0x00000000e1600000,0x00000000e4600000)
  from space 3584K, 99% used [0x00000000e4600000,0x00000000e497b040,0x00000000e4980000)
  to   space 26624K, 0% used [0x00000000e9000000,0x00000000e9000000,0x00000000eaa00000)
 ParOldGen       total 62464K, used 46153K [0x00000000a4200000, 0x00000000a7f00000, 0x00000000e1600000)
  object space 62464K, 73% used [0x00000000a4200000,0x00000000a6f12550,0x00000000a7f00000)
 PSPermGen       total 21504K, used 4476K [0x000000009f000000, 0x00000000a0500000, 0x00000000a4200000)
  object space 21504K, 20% used [0x000000009f000000,0x000000009f45f198,0x00000000a0500000)
Event: 4.109 GC heap after
Heap after GC invocations=6 (full 1):
 PSYoungGen      total 52736K, used 0K [0x00000000e1600000, 0x00000000eaa00000, 0x0000000100000000)
  eden space 49152K, 0% used [0x00000000e1600000,0x00000000e1600000,0x00000000e4600000)
  from space 3584K, 0% used [0x00000000e4600000,0x00000000e4600000,0x00000000e4980000)
  to   space 26624K, 0% used [0x00000000e9000000,0x00000000e9000000,0x00000000eaa00000)
 ParOldGen       total 113152K, used 49375K [0x00000000a4200000, 0x00000000ab080000, 0x00000000e1600000)
  object space 113152K, 43% used [0x00000000a4200000,0x00000000a7237f28,0x00000000ab080000)
 PSPermGen       total 21504K, used 4475K [0x000000009f000000, 0x00000000a0500000, 0x00000000a4200000)
  object space 21504K, 20% used [0x000000009f000000,0x000000009f45ec10,0x00000000a0500000)
}
Event: 4.250 GC heap before
{Heap before GC invocations=7 (full 1):
 PSYoungGen      total 52736K, used 49152K [0x00000000e1600000, 0x00000000eaa00000, 0x0000000100000000)
  eden space 49152K, 100% used [0x00000000e1600000,0x00000000e4600000,0x00000000e4600000)
  from space 3584K, 0% used [0x00000000e4600000,0x00000000e4600000,0x00000000e4980000)
  to   space 26624K, 0% used [0x00000000e9000000,0x00000000e9000000,0x00000000eaa00000)
 ParOldGen       total 113152K, used 49375K [0x00000000a4200000, 0x00000000ab080000, 0x00000000e1600000)
  object space 113152K, 43% used [0x00000000a4200000,0x00000000a7237f28,0x00000000ab080000)
 PSPermGen       total 21504K, used 4475K [0x000000009f000000, 0x00000000a0500000, 0x00000000a4200000)
  object space 21504K, 20% used [0x000000009f000000,0x000000009f45ec10,0x00000000a0500000)
Event: 4.289 GC heap after
Heap after GC invocations=7 (full 1):
 PSYoungGen      total 89600K, used 23680K [0x00000000e1600000, 0x00000000ea780000, 0x0000000100000000)
  eden space 65536K, 0% used [0x00000000e1600000,0x00000000e1600000,0x00000000e5600000)
  from space 24064K, 98% used [0x00000000e9000000,0x00000000ea720030,0x00000000ea780000)
  to   space 30720K, 0% used [0x00000000e6b80000,0x00000000e6b80000,0x00000000e8980000)
 ParOldGen       total 113152K, used 49375K [0x00000000a4200000, 0x00000000ab080000, 0x00000000e1600000)
  object space 113152K, 43% used [0x00000000a4200000,0x00000000a7237f28,0x00000000ab080000)
 PSPermGen       total 21504K, used 4475K [0x000000009f000000, 0x00000000a0500000, 0x00000000a4200000)
  object space 21504K, 20% used [0x000000009f000000,0x000000009f45ec10,0x00000000a0500000)
}
Event: 4.403 GC heap before
{Heap before GC invocations=8 (full 1):
 PSYoungGen      total 89600K, used 86438K [0x00000000e1600000, 0x00000000ea780000, 0x0000000100000000)
  eden space 65536K, 95% used [0x00000000e1600000,0x00000000e5349948,0x00000000e5600000)
  from space 24064K, 98% used [0x00000000e9000000,0x00000000ea720030,0x00000000ea780000)
  to   space 30720K, 0% used [0x00000000e6b80000,0x00000000e6b80000,0x00000000e8980000)
 ParOldGen       total 113152K, used 49375K [0x00000000a4200000, 0x00000000ab080000, 0x00000000e1600000)
  object space 113152K, 43% used [0x00000000a4200000,0x00000000a7237f28,0x00000000ab080000)
 PSPermGen       total 21504K, used 4475K [0x000000009f000000, 0x00000000a0500000, 0x00000000a4200000)
  object space 21504K, 20% used [0x000000009f000000,0x000000009f45ec10,0x00000000a0500000)
Event: 4.491 GC heap after
Heap after GC invocations=8 (full 1):
 PSYoungGen      total 118272K, used 30688K [0x00000000e1600000, 0x00000000ed480000, 0x0000000100000000)
  eden space 87552K, 0% used [0x00000000e1600000,0x00000000e1600000,0x00000000e6b80000)
  from space 30720K, 99% used [0x00000000e6b80000,0x00000000e8978050,0x00000000e8980000)
  to   space 49664K, 0% used [0x00000000ea400000,0x00000000ea400000,0x00000000ed480000)
 ParOldGen       total 113152K, used 75463K [0x00000000a4200000, 0x00000000ab080000, 0x00000000e1600000)
  object space 113152K, 66% used [0x00000000a4200000,0x00000000a8bb1f28,0x00000000ab080000)
 PSPermGen       total 21504K, used 4475K [0x000000009f000000, 0x00000000a0500000, 0x00000000a4200000)
  object space 21504K, 20% used [0x000000009f000000,0x000000009f45ec10,0x00000000a0500000)
}
Event: 5.521 GC heap before
{Heap before GC invocations=9 (full 1):
 PSYoungGen      total 118272K, used 118240K [0x00000000e1600000, 0x00000000ed480000, 0x0000000100000000)
  eden space 87552K, 100% used [0x00000000e1600000,0x00000000e6b80000,0x00000000e6b80000)
  from space 30720K, 99% used [0x00000000e6b80000,0x00000000e8978050,0x00000000e8980000)
  to   space 49664K, 0% used [0x00000000ea400000,0x00000000ea400000,0x00000000ed480000)
 ParOldGen       total 113152K, used 75463K [0x00000000a4200000, 0x00000000ab080000, 0x00000000e1600000)
  object space 113152K, 66% used [0x00000000a4200000,0x00000000a8bb1f28,0x00000000ab080000)
 PSPermGen       total 21504K, used 4519K [0x000000009f000000, 0x00000000a0500000, 0x00000000a4200000)
  object space 21504K, 21% used [0x000000009f000000,0x000000009f469de0,0x00000000a0500000)
Event: 5.640 GC heap after
Heap after GC invocations=9 (full 1):
 PSYoungGen      total 129536K, used 49648K [0x00000000e1600000, 0x00000000f1000000, 0x0000000100000000)
  eden space 79872K, 0% used [0x00000000e1600000,0x00000000e1600000,0x00000000e6400000)
  from space 49664K, 99% used [0x00000000ea400000,0x00000000ed47c0a0,0x00000000ed480000)
  to   space 65536K, 0% used [0x00000000e6400000,0x00000000e6400000,0x00000000ea400000)
 ParOldGen       total 113152K, used 89991K [0x00000000a4200000, 0x00000000ab080000, 0x00000000e1600000)
  object space 113152K, 79% used [0x00000000a4200000,0x00000000a99e1f28,0x00000000ab080000)
 PSPermGen       total 21504K, used 4519K [0x000000009f000000, 0x00000000a0500000, 0x00000000a4200000)
  object space 21504K, 21% used [0x000000009f000000,0x000000009f469de0,0x00000000a0500000)
}
Event: 5.640 GC heap before
{Heap before GC invocations=10 (full 2):
 PSYoungGen      total 129536K, used 49648K [0x00000000e1600000, 0x00000000f1000000, 0x0000000100000000)
  eden space 79872K, 0% used [0x00000000e1600000,0x00000000e1600000,0x00000000e6400000)
  from space 49664K, 99% used [0x00000000ea400000,0x00000000ed47c0a0,0x00000000ed480000)
  to   space 65536K, 0% used [0x00000000e6400000,0x00000000e6400000,0x00000000ea400000)
 ParOldGen       total 113152K, used 89991K [0x00000000a4200000, 0x00000000ab080000, 0x00000000e1600000)
  object space 113152K, 79% used [0x00000000a4200000,0x00000000a99e1f28,0x00000000ab080000)
 PSPermGen       total 21504K, used 4519K [0x000000009f000000, 0x00000000a0500000, 0x00000000a4200000)
  object space 21504K, 21% used [0x000000009f000000,0x000000009f469de0,0x00000000a0500000)

